0 info it worked if it ends with ok
1 verbose cli [
1 verbose cli   '/usr/local/bin/node',
1 verbose cli   '/usr/local/bin/npm',
1 verbose cli   'install',
1 verbose cli   '--save-dev',
1 verbose cli   'webpack'
1 verbose cli ]
2 info using npm@6.14.10
3 info using node@v14.15.4
4 verbose npm-session ac902488ca31c36d
5 silly install loadCurrentTree
6 silly install readLocalPackageData
7 timing stage:rollbackFailedOptional Completed in 1ms
8 timing stage:runTopLevelLifecycles Completed in 82ms
9 verbose stack Error: Failed to parse json
9 verbose stack Unexpected string in JSON at position 193 while parsing '{
9 verbose stack   "name": "example-project",
9 verbose stack   "versio'
9 verbose stack     at parseError (/usr/local/lib/node_modules/npm/node_modules/read-package-json/read-json.js:470:11)
9 verbose stack     at parseJson (/usr/local/lib/node_modules/npm/node_modules/read-package-json/read-json.js:105:26)
9 verbose stack     at /usr/local/lib/node_modules/npm/node_modules/read-package-json/read-json.js:52:5
9 verbose stack     at /usr/local/lib/node_modules/npm/node_modules/graceful-fs/graceful-fs.js:123:16
9 verbose stack     at FSReqCallback.readFileAfterClose [as oncomplete] (internal/fs/read_file_context.js:63:3)
10 verbose cwd /Volumes/WD4-4TB/Udacity/Front-End-Lesson4/demo-code/webpack-udacity-9feb21/fend-webpack-content
11 verbose Darwin 20.3.0
12 verbose argv "/usr/local/bin/node" "/usr/local/bin/npm" "install" "--save-dev" "webpack"
13 verbose node v14.15.4
14 verbose npm  v6.14.10
15 error code EJSONPARSE
16 error file /Volumes/WD4-4TB/Udacity/Front-End-Lesson4/demo-code/webpack-udacity-9feb21/fend-webpack-content/package.json
17 error JSON.parse Failed to parse json
17 error JSON.parse Unexpected string in JSON at position 193 while parsing '{
17 error JSON.parse   "name": "example-project",
17 error JSON.parse   "versio'
18 error JSON.parse Failed to parse package.json data.
18 error JSON.parse package.json must be actual JSON, not just JavaScript.
19 verbose exit [ 1, true ]
